<?xml version="1.0" encoding="UTF-8"?>
<!-- Generated by org.testng.reporters.JUnitReportReporter -->
<testsuite hostname="DESKTOP-B3B2RLK" failures="0" tests="1" name="tests.basic.AppiumTestExample" time="19.451" errors="0" timestamp="31 May 2022 09:20:56 GMT" skipped="0">
  <testcase classname="tests.basic.AppiumTestExample" name="test" time="19.451"/>
</testsuite> <!-- tests.basic.AppiumTestExample -->
