<?xml version="1.0" encoding="UTF-8"?>
<!-- Generated by org.testng.reporters.JUnitReportReporter -->
<testsuite hostname="DESKTOP-BBNDNKD" failures="0" tests="1" name="tests.basic.OldCodeTest" time="9.326" errors="0" timestamp="2022-11-16T17:17:00 IST" skipped="0">
  <testcase classname="tests.basic.OldCodeTest" name="test" time="9.326"/>
  <system-out/>
</testsuite> <!-- tests.basic.OldCodeTest -->
