<?xml version="1.0" encoding="UTF-8"?>
<!-- Generated by org.testng.reporters.JUnitReportReporter -->
<testsuite hostname="DESKTOP-B3B2RLK" failures="0" tests="1" name="tests.basic.HealthCheck" time="2.988" errors="0" timestamp="2022-11-05T15:05:35 IST" skipped="0">
  <testcase classname="tests.basic.HealthCheck" name="test" time="2.988"/>
  <system-out/>
</testsuite> <!-- tests.basic.HealthCheck -->
