<?xml version="1.0" encoding="UTF-8"?>
<!-- Generated by org.testng.reporters.JUnitReportReporter -->
<testsuite hostname="DESKTOP-BBNDNKD" failures="0" tests="1" name="tests.basic.PageObjectCode" time="6.379" errors="0" timestamp="2022-11-25T09:38:13 IST" skipped="0">
  <testcase classname="tests.basic.PageObjectCode" name="test" time="6.379"/>
  <system-out/>
</testsuite> <!-- tests.basic.PageObjectCode -->
