<?xml version="1.0" encoding="UTF-8"?>
<!-- Generated by org.testng.reporters.JUnitReportReporter -->
<testsuite hostname="DESKTOP-B3B2RLK" failures="0" tests="1" name="tests.basic.ShoppingEndToEnd" time="12.052" errors="0" timestamp="05 Nov 2022 09:59:44 GMT" skipped="0">
  <testcase classname="tests.basic.ShoppingEndToEnd" name="test" time="12.052"/>
</testsuite> <!-- tests.basic.ShoppingEndToEnd -->
